2023-09-29 09:35:52,097 INFO org.springframework.boot.StartupInfoLogger [main] Starting BulknotificationserviceApplication using Java 17.0.7 on LAPTOP-HU6AF26H with PID 17264 (C:\Users\Janhavi Mudaliar\Documents\FinalProject\latestbackend-master\bulknotificationservice\target\classes started by Janhavi Mudaliar in C:\Users\Janhavi Mudaliar\Documents\FinalProject\latestbackend-master\bulknotificationservice)
2023-09-29 09:35:52,102 INFO org.springframework.boot.SpringApplication [main] No active profile set, falling back to 1 default profile: "default"
2023-09-29 09:35:52,877 INFO org.springframework.boot.web.embedded.tomcat.TomcatWebServer [main] Tomcat initialized with port(s): 8085 (http)
2023-09-29 09:35:52,890 INFO org.apache.juli.logging.DirectJDKLog [main] Initializing ProtocolHandler ["http-nio-8085"]
2023-09-29 09:35:52,893 INFO org.apache.juli.logging.DirectJDKLog [main] Starting service [Tomcat]
2023-09-29 09:35:52,893 INFO org.apache.juli.logging.DirectJDKLog [main] Starting Servlet engine: [Apache Tomcat/9.0.79]
2023-09-29 09:35:52,972 INFO org.apache.juli.logging.DirectJDKLog [main] Initializing Spring embedded WebApplicationContext
2023-09-29 09:35:52,972 INFO org.springframework.boot.web.servlet.context.ServletWebServerApplicationContext [main] Root WebApplicationContext: initialization completed in 822 ms
2023-09-29 09:35:53,393 INFO org.apache.juli.logging.DirectJDKLog [main] Starting ProtocolHandler ["http-nio-8085"]
2023-09-29 09:35:53,416 INFO org.springframework.boot.web.embedded.tomcat.TomcatWebServer [main] Tomcat started on port(s): 8085 (http) with context path ''
2023-09-29 09:35:53,424 INFO org.springframework.boot.StartupInfoLogger [main] Started BulknotificationserviceApplication in 1.676 seconds (JVM running for 5.135)
2023-09-29 14:04:34,928 INFO org.springframework.boot.admin.SpringApplicationAdminMXBeanRegistrar$SpringApplicationAdmin [RMI TCP Connection(278)-127.0.0.1] Application shutdown requested.
2023-09-29 14:04:35,040 INFO org.apache.juli.logging.DirectJDKLog [RMI TCP Connection(278)-127.0.0.1] Pausing ProtocolHandler ["http-nio-8085"]
2023-09-29 14:04:35,041 INFO org.apache.juli.logging.DirectJDKLog [RMI TCP Connection(278)-127.0.0.1] Stopping service [Tomcat]
2023-09-29 14:04:35,071 INFO org.apache.juli.logging.DirectJDKLog [RMI TCP Connection(278)-127.0.0.1] Stopping ProtocolHandler ["http-nio-8085"]
2023-09-29 14:04:35,075 INFO org.apache.juli.logging.DirectJDKLog [RMI TCP Connection(278)-127.0.0.1] Destroying ProtocolHandler ["http-nio-8085"]
2023-09-29 14:35:34,795 INFO com.controller.BulkNotificationController [main] Bulk notification has been send to all users related to sales
2023-09-29 14:35:35,067 INFO org.springframework.test.context.support.AbstractTestContextBootstrapper [main] Neither @ContextConfiguration nor @ContextHierarchy found for test class [com.rest.BulknotificationserviceApplicationTests], using SpringBootContextLoader
2023-09-29 14:35:35,075 INFO org.springframework.test.context.support.AbstractContextLoader [main] Could not detect default resource locations for test class [com.rest.BulknotificationserviceApplicationTests]: no resource found for suffixes {-context.xml, Context.groovy}.
2023-09-29 14:35:35,076 INFO org.springframework.test.context.support.AnnotationConfigContextLoaderUtils [main] Could not detect default configuration classes for test class [com.rest.BulknotificationserviceApplicationTests]: BulknotificationserviceApplicationTests does not declare any static, non-private, non-final, nested classes annotated with @Configuration.
2023-09-29 14:35:35,325 INFO org.springframework.boot.test.context.SpringBootTestContextBootstrapper [main] Found @SpringBootConfiguration com.rest.BulknotificationserviceApplication for test class com.rest.BulknotificationserviceApplicationTests
2023-09-29 14:35:35,556 INFO org.springframework.test.context.support.AbstractTestContextBootstrapper [main] Loaded default TestExecutionListener class names from location [META-INF/spring.factories]: [org.springframework.boot.test.mock.mockito.MockitoTestExecutionListener, org.springframework.boot.test.mock.mockito.ResetMocksTestExecutionListener, org.springframework.boot.test.autoconfigure.restdocs.RestDocsTestExecutionListener, org.springframework.boot.test.autoconfigure.web.client.MockRestServiceServerResetTestExecutionListener, org.springframework.boot.test.autoconfigure.web.servlet.MockMvcPrintOnlyOnFailureTestExecutionListener, org.springframework.boot.test.autoconfigure.web.servlet.WebDriverTestExecutionListener, org.springframework.boot.test.autoconfigure.webservices.client.MockWebServiceServerTestExecutionListener, org.springframework.test.context.web.ServletTestExecutionListener, org.springframework.test.context.support.DirtiesContextBeforeModesTestExecutionListener, org.springframework.test.context.event.ApplicationEventsTestExecutionListener, org.springframework.test.context.support.DependencyInjectionTestExecutionListener, org.springframework.test.context.support.DirtiesContextTestExecutionListener, org.springframework.test.context.transaction.TransactionalTestExecutionListener, org.springframework.test.context.jdbc.SqlScriptsTestExecutionListener, org.springframework.test.context.event.EventPublishingTestExecutionListener]
2023-09-29 14:35:35,618 INFO org.springframework.test.context.support.AbstractTestContextBootstrapper [main] Using TestExecutionListeners: [org.springframework.test.context.web.ServletTestExecutionListener@425b5fe2, org.springframework.test.context.support.DirtiesContextBeforeModesTestExecutionListener@3eec8583, org.springframework.test.context.event.ApplicationEventsTestExecutionListener@66e1b2a, org.springframework.boot.test.mock.mockito.MockitoTestExecutionListener@343db2f6, org.springframework.boot.test.autoconfigure.SpringBootDependencyInjectionTestExecutionListener@2c815fdc, org.springframework.test.context.support.DirtiesContextTestExecutionListener@769b0752, org.springframework.test.context.transaction.TransactionalTestExecutionListener@dae5e0, org.springframework.test.context.jdbc.SqlScriptsTestExecutionListener@59a94d0f, org.springframework.test.context.event.EventPublishingTestExecutionListener@7ff09659, org.springframework.boot.test.mock.mockito.ResetMocksTestExecutionListener@517fbf62, org.springframework.boot.test.autoconfigure.restdocs.RestDocsTestExecutionListener@65db548, org.springframework.boot.test.autoconfigure.web.client.MockRestServiceServerResetTestExecutionListener@150f41b9, org.springframework.boot.test.autoconfigure.web.servlet.MockMvcPrintOnlyOnFailureTestExecutionListener@6e364f1f, org.springframework.boot.test.autoconfigure.web.servlet.WebDriverTestExecutionListener@429e7914, org.springframework.boot.test.autoconfigure.webservices.client.MockWebServiceServerTestExecutionListener@298263fa]
2023-09-29 14:35:36,354 INFO org.springframework.boot.StartupInfoLogger [main] Starting BulknotificationserviceApplicationTests using Java 20.0.2 on LAPTOP-HU6AF26H with PID 25116 (started by Janhavi Mudaliar in C:\Users\Janhavi Mudaliar\Documents\FinalProject\latestbackend-master\bulknotificationservice)
2023-09-29 14:35:36,357 INFO org.springframework.boot.SpringApplication [main] No active profile set, falling back to 1 default profile: "default"
2023-09-29 14:35:40,040 INFO org.springframework.boot.StartupInfoLogger [main] Started BulknotificationserviceApplicationTests in 4.307 seconds (JVM running for 11.35)
