2023-09-28 09:17:23,588 INFO org.springframework.boot.StartupInfoLogger [main] Starting BulknotificationserviceApplication using Java 17.0.7 on LAPTOP-HU6AF26H with PID 16984 (C:\Users\Janhavi Mudaliar\Documents\FinalProject\latestbackend-master\bulknotificationservice\target\classes started by Janhavi Mudaliar in C:\Users\Janhavi Mudaliar\Documents\FinalProject\latestbackend-master\bulknotificationservice)
2023-09-28 09:17:23,593 INFO org.springframework.boot.SpringApplication [main] No active profile set, falling back to 1 default profile: "default"
2023-09-28 09:17:24,345 INFO org.springframework.boot.web.embedded.tomcat.TomcatWebServer [main] Tomcat initialized with port(s): 8085 (http)
2023-09-28 09:17:24,353 INFO org.apache.juli.logging.DirectJDKLog [main] Initializing ProtocolHandler ["http-nio-8085"]
2023-09-28 09:17:24,357 INFO org.apache.juli.logging.DirectJDKLog [main] Starting service [Tomcat]
2023-09-28 09:17:24,357 INFO org.apache.juli.logging.DirectJDKLog [main] Starting Servlet engine: [Apache Tomcat/9.0.79]
2023-09-28 09:17:24,436 INFO org.apache.juli.logging.DirectJDKLog [main] Initializing Spring embedded WebApplicationContext
2023-09-28 09:17:24,436 INFO org.springframework.boot.web.servlet.context.ServletWebServerApplicationContext [main] Root WebApplicationContext: initialization completed in 779 ms
2023-09-28 09:17:24,791 INFO org.apache.juli.logging.DirectJDKLog [main] Starting ProtocolHandler ["http-nio-8085"]
2023-09-28 09:17:24,813 INFO org.springframework.boot.web.embedded.tomcat.TomcatWebServer [main] Tomcat started on port(s): 8085 (http) with context path ''
2023-09-28 09:17:24,821 INFO org.springframework.boot.StartupInfoLogger [main] Started BulknotificationserviceApplication in 1.525 seconds (JVM running for 5.043)
2023-09-28 11:07:12,213 INFO org.springframework.test.context.support.AbstractTestContextBootstrapper [main] Neither @ContextConfiguration nor @ContextHierarchy found for test class [com.rest.BulknotificationserviceApplicationTests], using SpringBootContextLoader
2023-09-28 11:07:12,219 INFO org.springframework.test.context.support.AbstractContextLoader [main] Could not detect default resource locations for test class [com.rest.BulknotificationserviceApplicationTests]: no resource found for suffixes {-context.xml, Context.groovy}.
2023-09-28 11:07:12,220 INFO org.springframework.test.context.support.AnnotationConfigContextLoaderUtils [main] Could not detect default configuration classes for test class [com.rest.BulknotificationserviceApplicationTests]: BulknotificationserviceApplicationTests does not declare any static, non-private, non-final, nested classes annotated with @Configuration.
2023-09-28 11:07:12,394 INFO org.springframework.boot.test.context.SpringBootTestContextBootstrapper [main] Found @SpringBootConfiguration com.rest.BulknotificationserviceApplication for test class com.rest.BulknotificationserviceApplicationTests
2023-09-28 11:07:12,572 INFO org.springframework.test.context.support.AbstractTestContextBootstrapper [main] Loaded default TestExecutionListener class names from location [META-INF/spring.factories]: [org.springframework.boot.test.mock.mockito.MockitoTestExecutionListener, org.springframework.boot.test.mock.mockito.ResetMocksTestExecutionListener, org.springframework.boot.test.autoconfigure.restdocs.RestDocsTestExecutionListener, org.springframework.boot.test.autoconfigure.web.client.MockRestServiceServerResetTestExecutionListener, org.springframework.boot.test.autoconfigure.web.servlet.MockMvcPrintOnlyOnFailureTestExecutionListener, org.springframework.boot.test.autoconfigure.web.servlet.WebDriverTestExecutionListener, org.springframework.boot.test.autoconfigure.webservices.client.MockWebServiceServerTestExecutionListener, org.springframework.test.context.web.ServletTestExecutionListener, org.springframework.test.context.support.DirtiesContextBeforeModesTestExecutionListener, org.springframework.test.context.event.ApplicationEventsTestExecutionListener, org.springframework.test.context.support.DependencyInjectionTestExecutionListener, org.springframework.test.context.support.DirtiesContextTestExecutionListener, org.springframework.test.context.transaction.TransactionalTestExecutionListener, org.springframework.test.context.jdbc.SqlScriptsTestExecutionListener, org.springframework.test.context.event.EventPublishingTestExecutionListener]
2023-09-28 11:07:12,606 INFO org.springframework.test.context.support.AbstractTestContextBootstrapper [main] Using TestExecutionListeners: [org.springframework.test.context.web.ServletTestExecutionListener@2de366bb, org.springframework.test.context.support.DirtiesContextBeforeModesTestExecutionListener@3f093abe, org.springframework.test.context.event.ApplicationEventsTestExecutionListener@61a002b1, org.springframework.boot.test.mock.mockito.MockitoTestExecutionListener@4eeea57d, org.springframework.boot.test.autoconfigure.SpringBootDependencyInjectionTestExecutionListener@780ec4a5, org.springframework.test.context.support.DirtiesContextTestExecutionListener@e24ddd0, org.springframework.test.context.transaction.TransactionalTestExecutionListener@6f70f32f, org.springframework.test.context.jdbc.SqlScriptsTestExecutionListener@548e76f1, org.springframework.test.context.event.EventPublishingTestExecutionListener@5aabbb29, org.springframework.boot.test.mock.mockito.ResetMocksTestExecutionListener@72c927f1, org.springframework.boot.test.autoconfigure.restdocs.RestDocsTestExecutionListener@1ac85b0c, org.springframework.boot.test.autoconfigure.web.client.MockRestServiceServerResetTestExecutionListener@3dd69f5a, org.springframework.boot.test.autoconfigure.web.servlet.MockMvcPrintOnlyOnFailureTestExecutionListener@3aa3193a, org.springframework.boot.test.autoconfigure.web.servlet.WebDriverTestExecutionListener@1ee4730, org.springframework.boot.test.autoconfigure.webservices.client.MockWebServiceServerTestExecutionListener@59a67c3a]
2023-09-28 11:07:12,955 INFO org.springframework.boot.StartupInfoLogger [main] Starting BulknotificationserviceApplicationTests using Java 17.0.7 on LAPTOP-HU6AF26H with PID 16996 (started by Janhavi Mudaliar in C:\Users\Janhavi Mudaliar\Documents\FinalProject\latestbackend-master\bulknotificationservice)
2023-09-28 11:07:12,956 INFO org.springframework.boot.SpringApplication [main] No active profile set, falling back to 1 default profile: "default"
2023-09-28 11:07:15,011 INFO org.springframework.boot.StartupInfoLogger [main] Started BulknotificationserviceApplicationTests in 2.351 seconds (JVM running for 6.276)
2023-09-28 11:07:15,844 INFO com.controller.BulkNotificationController [main] Bulk notification has been send to all users related to sales
2023-09-28 11:26:44,044 INFO com.controller.BulkNotificationController [main] Bulk notification has been send to all users related to sales
2023-09-28 11:26:44,181 INFO org.springframework.test.context.support.AbstractTestContextBootstrapper [main] Neither @ContextConfiguration nor @ContextHierarchy found for test class [com.rest.BulknotificationserviceApplicationTests], using SpringBootContextLoader
2023-09-28 11:26:44,188 INFO org.springframework.test.context.support.AbstractContextLoader [main] Could not detect default resource locations for test class [com.rest.BulknotificationserviceApplicationTests]: no resource found for suffixes {-context.xml, Context.groovy}.
2023-09-28 11:26:44,189 INFO org.springframework.test.context.support.AnnotationConfigContextLoaderUtils [main] Could not detect default configuration classes for test class [com.rest.BulknotificationserviceApplicationTests]: BulknotificationserviceApplicationTests does not declare any static, non-private, non-final, nested classes annotated with @Configuration.
2023-09-28 11:26:44,299 INFO org.springframework.boot.test.context.SpringBootTestContextBootstrapper [main] Found @SpringBootConfiguration com.rest.BulknotificationserviceApplication for test class com.rest.BulknotificationserviceApplicationTests
2023-09-28 11:26:44,437 INFO org.springframework.test.context.support.AbstractTestContextBootstrapper [main] Loaded default TestExecutionListener class names from location [META-INF/spring.factories]: [org.springframework.boot.test.mock.mockito.MockitoTestExecutionListener, org.springframework.boot.test.mock.mockito.ResetMocksTestExecutionListener, org.springframework.boot.test.autoconfigure.restdocs.RestDocsTestExecutionListener, org.springframework.boot.test.autoconfigure.web.client.MockRestServiceServerResetTestExecutionListener, org.springframework.boot.test.autoconfigure.web.servlet.MockMvcPrintOnlyOnFailureTestExecutionListener, org.springframework.boot.test.autoconfigure.web.servlet.WebDriverTestExecutionListener, org.springframework.boot.test.autoconfigure.webservices.client.MockWebServiceServerTestExecutionListener, org.springframework.test.context.web.ServletTestExecutionListener, org.springframework.test.context.support.DirtiesContextBeforeModesTestExecutionListener, org.springframework.test.context.event.ApplicationEventsTestExecutionListener, org.springframework.test.context.support.DependencyInjectionTestExecutionListener, org.springframework.test.context.support.DirtiesContextTestExecutionListener, org.springframework.test.context.transaction.TransactionalTestExecutionListener, org.springframework.test.context.jdbc.SqlScriptsTestExecutionListener, org.springframework.test.context.event.EventPublishingTestExecutionListener]
2023-09-28 11:26:44,468 INFO org.springframework.test.context.support.AbstractTestContextBootstrapper [main] Using TestExecutionListeners: [org.springframework.test.context.web.ServletTestExecutionListener@5c080ef3, org.springframework.test.context.support.DirtiesContextBeforeModesTestExecutionListener@188cbcde, org.springframework.test.context.event.ApplicationEventsTestExecutionListener@4ee6291f, org.springframework.boot.test.mock.mockito.MockitoTestExecutionListener@2b03d52f, org.springframework.boot.test.autoconfigure.SpringBootDependencyInjectionTestExecutionListener@37e0292a, org.springframework.test.context.support.DirtiesContextTestExecutionListener@4af70944, org.springframework.test.context.transaction.TransactionalTestExecutionListener@35267fd4, org.springframework.test.context.jdbc.SqlScriptsTestExecutionListener@397ef2, org.springframework.test.context.event.EventPublishingTestExecutionListener@36a6bea6, org.springframework.boot.test.mock.mockito.ResetMocksTestExecutionListener@44e93c1f, org.springframework.boot.test.autoconfigure.restdocs.RestDocsTestExecutionListener@42373389, org.springframework.boot.test.autoconfigure.web.client.MockRestServiceServerResetTestExecutionListener@9b21bd3, org.springframework.boot.test.autoconfigure.web.servlet.MockMvcPrintOnlyOnFailureTestExecutionListener@a62c7cd, org.springframework.boot.test.autoconfigure.web.servlet.WebDriverTestExecutionListener@7661b5a, org.springframework.boot.test.autoconfigure.webservices.client.MockWebServiceServerTestExecutionListener@7c36db44]
2023-09-28 11:26:44,854 INFO org.springframework.boot.StartupInfoLogger [main] Starting BulknotificationserviceApplicationTests using Java 20.0.2 on LAPTOP-HU6AF26H with PID 24152 (started by Janhavi Mudaliar in C:\Users\Janhavi Mudaliar\Documents\FinalProject\latestbackend-master\bulknotificationservice)
2023-09-28 11:26:44,856 INFO org.springframework.boot.SpringApplication [main] No active profile set, falling back to 1 default profile: "default"
2023-09-28 11:26:46,857 INFO org.springframework.boot.StartupInfoLogger [main] Started BulknotificationserviceApplicationTests in 2.329 seconds (JVM running for 6.994)
2023-09-28 11:31:17,853 INFO org.springframework.boot.admin.SpringApplicationAdminMXBeanRegistrar$SpringApplicationAdmin [RMI TCP Connection(143)-127.0.0.1] Application shutdown requested.
2023-09-28 11:31:17,958 INFO org.apache.juli.logging.DirectJDKLog [RMI TCP Connection(143)-127.0.0.1] Pausing ProtocolHandler ["http-nio-8085"]
2023-09-28 11:31:17,959 INFO org.apache.juli.logging.DirectJDKLog [RMI TCP Connection(143)-127.0.0.1] Stopping service [Tomcat]
2023-09-28 11:31:17,991 INFO org.apache.juli.logging.DirectJDKLog [RMI TCP Connection(143)-127.0.0.1] Stopping ProtocolHandler ["http-nio-8085"]
2023-09-28 11:31:17,995 INFO org.apache.juli.logging.DirectJDKLog [RMI TCP Connection(143)-127.0.0.1] Destroying ProtocolHandler ["http-nio-8085"]
2023-09-28 14:40:52,890 INFO org.springframework.boot.StartupInfoLogger [main] Starting BulknotificationserviceApplication using Java 17.0.7 on LAPTOP-HU6AF26H with PID 20300 (C:\Users\Janhavi Mudaliar\Documents\FinalProject\latestbackend-master\bulknotificationservice\target\classes started by Janhavi Mudaliar in C:\Users\Janhavi Mudaliar\Documents\FinalProject\latestbackend-master\bulknotificationservice)
2023-09-28 14:40:52,899 INFO org.springframework.boot.SpringApplication [main] No active profile set, falling back to 1 default profile: "default"
2023-09-28 14:40:53,722 INFO org.springframework.boot.web.embedded.tomcat.TomcatWebServer [main] Tomcat initialized with port(s): 8085 (http)
2023-09-28 14:40:53,730 INFO org.apache.juli.logging.DirectJDKLog [main] Initializing ProtocolHandler ["http-nio-8085"]
2023-09-28 14:40:53,733 INFO org.apache.juli.logging.DirectJDKLog [main] Starting service [Tomcat]
2023-09-28 14:40:53,733 INFO org.apache.juli.logging.DirectJDKLog [main] Starting Servlet engine: [Apache Tomcat/9.0.79]
2023-09-28 14:40:53,831 INFO org.apache.juli.logging.DirectJDKLog [main] Initializing Spring embedded WebApplicationContext
2023-09-28 14:40:53,832 INFO org.springframework.boot.web.servlet.context.ServletWebServerApplicationContext [main] Root WebApplicationContext: initialization completed in 876 ms
2023-09-28 14:40:54,221 INFO org.apache.juli.logging.DirectJDKLog [main] Starting ProtocolHandler ["http-nio-8085"]
2023-09-28 14:40:54,249 INFO org.springframework.boot.web.embedded.tomcat.TomcatWebServer [main] Tomcat started on port(s): 8085 (http) with context path ''
2023-09-28 14:40:54,259 INFO org.springframework.boot.StartupInfoLogger [main] Started BulknotificationserviceApplication in 1.786 seconds (JVM running for 5.172)
2023-09-28 14:44:44,012 INFO org.apache.juli.logging.DirectJDKLog [http-nio-8085-exec-2] Initializing Spring DispatcherServlet 'dispatcherServlet'
2023-09-28 14:44:44,014 INFO org.springframework.web.servlet.FrameworkServlet [http-nio-8085-exec-2] Initializing Servlet 'dispatcherServlet'
2023-09-28 14:44:44,015 INFO org.springframework.web.servlet.FrameworkServlet [http-nio-8085-exec-2] Completed initialization in 1 ms
2023-09-28 14:44:44,733 INFO org.apache.kafka.common.config.AbstractConfig [http-nio-8085-exec-2] ProducerConfig values: 
	acks = -1
	batch.size = 16384
	bootstrap.servers = [localhost:9092]
	buffer.memory = 33554432
	client.dns.lookup = use_all_dns_ips
	client.id = producer-1
	compression.type = none
	connections.max.idle.ms = 540000
	delivery.timeout.ms = 120000
	enable.idempotence = true
	interceptor.classes = []
	key.serializer = class org.apache.kafka.common.serialization.StringSerializer
	linger.ms = 0
	max.block.ms = 60000
	max.in.flight.requests.per.connection = 5
	max.request.size = 1048576
	metadata.max.age.ms = 300000
	metadata.max.idle.ms = 300000
	metric.reporters = []
	metrics.num.samples = 2
	metrics.recording.level = INFO
	metrics.sample.window.ms = 30000
	partitioner.class = class org.apache.kafka.clients.producer.internals.DefaultPartitioner
	receive.buffer.bytes = 32768
	reconnect.backoff.max.ms = 1000
	reconnect.backoff.ms = 50
	request.timeout.ms = 30000
	retries = 2147483647
	retry.backoff.ms = 100
	sasl.client.callback.handler.class = null
	sasl.jaas.config = null
	sasl.kerberos.kinit.cmd = /usr/bin/kinit
	sasl.kerberos.min.time.before.relogin = 60000
	sasl.kerberos.service.name = null
	sasl.kerberos.ticket.renew.jitter = 0.05
	sasl.kerberos.ticket.renew.window.factor = 0.8
	sasl.login.callback.handler.class = null
	sasl.login.class = null
	sasl.login.connect.timeout.ms = null
	sasl.login.read.timeout.ms = null
	sasl.login.refresh.buffer.seconds = 300
	sasl.login.refresh.min.period.seconds = 60
	sasl.login.refresh.window.factor = 0.8
	sasl.login.refresh.window.jitter = 0.05
	sasl.login.retry.backoff.max.ms = 10000
	sasl.login.retry.backoff.ms = 100
	sasl.mechanism = GSSAPI
	sasl.oauthbearer.clock.skew.seconds = 30
	sasl.oauthbearer.expected.audience = null
	sasl.oauthbearer.expected.issuer = null
	sasl.oauthbearer.jwks.endpoint.refresh.ms = 3600000
	sasl.oauthbearer.jwks.endpoint.retry.backoff.max.ms = 10000
	sasl.oauthbearer.jwks.endpoint.retry.backoff.ms = 100
	sasl.oauthbearer.jwks.endpoint.url = null
	sasl.oauthbearer.scope.claim.name = scope
	sasl.oauthbearer.sub.claim.name = sub
	sasl.oauthbearer.token.endpoint.url = null
	security.protocol = PLAINTEXT
	security.providers = null
	send.buffer.bytes = 131072
	socket.connection.setup.timeout.max.ms = 30000
	socket.connection.setup.timeout.ms = 10000
	ssl.cipher.suites = null
	ssl.enabled.protocols = [TLSv1.2, TLSv1.3]
	ssl.endpoint.identification.algorithm = https
	ssl.engine.factory.class = null
	ssl.key.password = null
	ssl.keymanager.algorithm = SunX509
	ssl.keystore.certificate.chain = null
	ssl.keystore.key = null
	ssl.keystore.location = null
	ssl.keystore.password = null
	ssl.keystore.type = JKS
	ssl.protocol = TLSv1.3
	ssl.provider = null
	ssl.secure.random.implementation = null
	ssl.trustmanager.algorithm = PKIX
	ssl.truststore.certificates = null
	ssl.truststore.location = null
	ssl.truststore.password = null
	ssl.truststore.type = JKS
	transaction.timeout.ms = 60000
	transactional.id = null
	value.serializer = class org.springframework.kafka.support.serializer.JsonSerializer

2023-09-28 14:44:44,815 INFO org.apache.kafka.clients.producer.KafkaProducer [http-nio-8085-exec-2] [Producer clientId=producer-1] Instantiated an idempotent producer.
2023-09-28 14:44:44,930 INFO org.apache.kafka.common.utils.AppInfoParser$AppInfo [http-nio-8085-exec-2] Kafka version: 3.1.2
2023-09-28 14:44:44,933 INFO org.apache.kafka.common.utils.AppInfoParser$AppInfo [http-nio-8085-exec-2] Kafka commitId: f8c67dc3ae0a3265
2023-09-28 14:44:44,934 INFO org.apache.kafka.common.utils.AppInfoParser$AppInfo [http-nio-8085-exec-2] Kafka startTimeMs: 1695892484927
2023-09-28 14:44:45,969 INFO org.apache.kafka.clients.Metadata [kafka-producer-network-thread | producer-1] [Producer clientId=producer-1] Resetting the last seen epoch of partition bulk_notification-0 to 0 since the associated topicId changed from null to Po7X-P8TTfS2FIgLQpKbRg
2023-09-28 14:44:45,976 INFO org.apache.kafka.clients.Metadata [kafka-producer-network-thread | producer-1] [Producer clientId=producer-1] Cluster ID: anGdAkFKROO3gDUMgjWzhw
2023-09-28 14:44:45,979 INFO org.apache.kafka.clients.producer.internals.TransactionManager [kafka-producer-network-thread | producer-1] [Producer clientId=producer-1] ProducerId set to 1 with epoch 0
2023-09-28 14:44:46,040 INFO com.controller.BulkNotificationController [http-nio-8085-exec-2] Bulk notification has been send to all users related to sales
2023-09-28 14:45:28,166 INFO com.controller.BulkNotificationController [http-nio-8085-exec-4] Bulk notification has been send to all users related to sales
2023-09-28 14:53:46,031 INFO org.apache.kafka.clients.NetworkClient [kafka-producer-network-thread | producer-1] [Producer clientId=producer-1] Node -1 disconnected.
2023-09-28 19:04:24,847 INFO org.apache.kafka.clients.NetworkClient [kafka-producer-network-thread | producer-1] [Producer clientId=producer-1] Node 0 disconnected.
2023-09-28 19:19:25,268 INFO org.apache.kafka.clients.NetworkClient [kafka-producer-network-thread | producer-1] [Producer clientId=producer-1] Node 0 disconnected.
2023-09-28 19:19:27,362 INFO org.apache.kafka.clients.NetworkClient [kafka-producer-network-thread | producer-1] [Producer clientId=producer-1] Node 0 disconnected.
2023-09-28 19:19:27,362 WARN org.apache.kafka.clients.NetworkClient [kafka-producer-network-thread | producer-1] [Producer clientId=producer-1] Connection to node 0 (LAPTOP-HU6AF26H/192.168.1.5:9092) could not be established. Broker may not be available.
2023-09-28 19:19:29,492 INFO org.apache.kafka.clients.NetworkClient [kafka-producer-network-thread | producer-1] [Producer clientId=producer-1] Node 0 disconnected.
2023-09-28 19:19:29,492 WARN org.apache.kafka.clients.NetworkClient [kafka-producer-network-thread | producer-1] [Producer clientId=producer-1] Connection to node 0 (LAPTOP-HU6AF26H/192.168.1.5:9092) could not be established. Broker may not be available.
2023-09-28 19:19:31,774 INFO org.apache.kafka.clients.NetworkClient [kafka-producer-network-thread | producer-1] [Producer clientId=producer-1] Node 0 disconnected.
2023-09-28 19:19:31,776 WARN org.apache.kafka.clients.NetworkClient [kafka-producer-network-thread | producer-1] [Producer clientId=producer-1] Connection to node 0 (LAPTOP-HU6AF26H/192.168.1.5:9092) could not be established. Broker may not be available.
2023-09-28 19:19:34,238 INFO org.apache.kafka.clients.NetworkClient [kafka-producer-network-thread | producer-1] [Producer clientId=producer-1] Node 0 disconnected.
2023-09-28 19:19:34,239 WARN org.apache.kafka.clients.NetworkClient [kafka-producer-network-thread | producer-1] [Producer clientId=producer-1] Connection to node 0 (LAPTOP-HU6AF26H/192.168.1.5:9092) could not be established. Broker may not be available.
2023-09-28 19:19:34,433 INFO org.springframework.boot.admin.SpringApplicationAdminMXBeanRegistrar$SpringApplicationAdmin [RMI TCP Connection(202)-127.0.0.1] Application shutdown requested.
2023-09-28 19:19:34,470 INFO org.apache.juli.logging.DirectJDKLog [RMI TCP Connection(202)-127.0.0.1] Pausing ProtocolHandler ["http-nio-8085"]
2023-09-28 19:19:34,470 INFO org.apache.juli.logging.DirectJDKLog [RMI TCP Connection(202)-127.0.0.1] Stopping service [Tomcat]
2023-09-28 19:19:34,474 INFO org.apache.juli.logging.DirectJDKLog [RMI TCP Connection(202)-127.0.0.1] Destroying Spring FrameworkServlet 'dispatcherServlet'
2023-09-28 19:19:34,491 WARN org.apache.juli.logging.DirectJDKLog [RMI TCP Connection(202)-127.0.0.1] The web application [ROOT] appears to have started a thread named [kafka-producer-network-thread | producer-1] but has failed to stop it. This is very likely to create a memory leak. Stack trace of thread:
 java.base@17.0.7/sun.nio.ch.WEPoll.wait(Native Method)
 java.base@17.0.7/sun.nio.ch.WEPollSelectorImpl.doSelect(WEPollSelectorImpl.java:111)
 java.base@17.0.7/sun.nio.ch.SelectorImpl.lockAndDoSelect(SelectorImpl.java:129)
 java.base@17.0.7/sun.nio.ch.SelectorImpl.select(SelectorImpl.java:141)
 app//org.apache.kafka.common.network.Selector.select(Selector.java:873)
 app//org.apache.kafka.common.network.Selector.poll(Selector.java:465)
 app//org.apache.kafka.clients.NetworkClient.poll(NetworkClient.java:560)
 app//org.apache.kafka.clients.producer.internals.Sender.runOnce(Sender.java:328)
 app//org.apache.kafka.clients.producer.internals.Sender.run(Sender.java:243)
 java.base@17.0.7/java.lang.Thread.run(Thread.java:833)
2023-09-28 19:19:34,494 INFO org.apache.juli.logging.DirectJDKLog [RMI TCP Connection(202)-127.0.0.1] Stopping ProtocolHandler ["http-nio-8085"]
2023-09-28 19:19:34,498 INFO org.apache.juli.logging.DirectJDKLog [RMI TCP Connection(202)-127.0.0.1] Destroying ProtocolHandler ["http-nio-8085"]
2023-09-28 19:19:34,502 INFO org.apache.kafka.clients.producer.KafkaProducer [RMI TCP Connection(202)-127.0.0.1] [Producer clientId=producer-1] Closing the Kafka producer with timeoutMillis = 30000 ms.
2023-09-28 19:19:34,507 INFO org.apache.kafka.common.metrics.Metrics [RMI TCP Connection(202)-127.0.0.1] Metrics scheduler closed
2023-09-28 19:19:34,508 INFO org.apache.kafka.common.metrics.Metrics [RMI TCP Connection(202)-127.0.0.1] Closing reporter org.apache.kafka.common.metrics.JmxReporter
2023-09-28 19:19:34,508 INFO org.apache.kafka.common.metrics.Metrics [RMI TCP Connection(202)-127.0.0.1] Metrics reporters closed
2023-09-28 19:19:34,509 INFO org.apache.kafka.common.utils.AppInfoParser [RMI TCP Connection(202)-127.0.0.1] App info kafka.producer for producer-1 unregistered
