2023-09-27 09:45:54,191 INFO org.springframework.boot.StartupInfoLogger [main] Starting BulknotificationserviceApplication using Java 17.0.7 on LAPTOP-HU6AF26H with PID 46568 (C:\Users\Janhavi Mudaliar\Documents\FinalProject\latestbackend-master\bulknotificationservice\target\classes started by Janhavi Mudaliar in C:\Users\Janhavi Mudaliar\Documents\FinalProject\latestbackend-master\bulknotificationservice)
2023-09-27 09:45:54,204 INFO org.springframework.boot.SpringApplication [main] No active profile set, falling back to 1 default profile: "default"
2023-09-27 09:45:55,358 INFO org.springframework.boot.web.embedded.tomcat.TomcatWebServer [main] Tomcat initialized with port(s): 8085 (http)
2023-09-27 09:45:55,371 INFO org.apache.juli.logging.DirectJDKLog [main] Initializing ProtocolHandler ["http-nio-8085"]
2023-09-27 09:45:55,375 INFO org.apache.juli.logging.DirectJDKLog [main] Starting service [Tomcat]
2023-09-27 09:45:55,376 INFO org.apache.juli.logging.DirectJDKLog [main] Starting Servlet engine: [Apache Tomcat/9.0.79]
2023-09-27 09:45:55,513 INFO org.apache.juli.logging.DirectJDKLog [main] Initializing Spring embedded WebApplicationContext
2023-09-27 09:45:55,514 INFO org.springframework.boot.web.servlet.context.ServletWebServerApplicationContext [main] Root WebApplicationContext: initialization completed in 1258 ms
2023-09-27 09:45:56,203 INFO org.apache.juli.logging.DirectJDKLog [main] Starting ProtocolHandler ["http-nio-8085"]
2023-09-27 09:45:56,241 INFO org.springframework.boot.web.embedded.tomcat.TomcatWebServer [main] Tomcat started on port(s): 8085 (http) with context path ''
2023-09-27 09:45:56,252 INFO org.springframework.boot.StartupInfoLogger [main] Started BulknotificationserviceApplication in 2.47 seconds (JVM running for 6.055)
2023-09-27 10:27:28,106 INFO org.springframework.test.context.support.AbstractTestContextBootstrapper [main] Neither @ContextConfiguration nor @ContextHierarchy found for test class [com.controller.BulkNotificationControllerTest], using SpringBootContextLoader
2023-09-27 10:27:28,128 INFO org.springframework.test.context.support.AbstractContextLoader [main] Could not detect default resource locations for test class [com.controller.BulkNotificationControllerTest]: no resource found for suffixes {-context.xml, Context.groovy}.
2023-09-27 10:27:28,129 INFO org.springframework.test.context.support.AnnotationConfigContextLoaderUtils [main] Could not detect default configuration classes for test class [com.controller.BulkNotificationControllerTest]: BulkNotificationControllerTest does not declare any static, non-private, non-final, nested classes annotated with @Configuration.
2023-09-27 10:29:47,649 INFO org.springframework.test.context.support.AbstractTestContextBootstrapper [main] Neither @ContextConfiguration nor @ContextHierarchy found for test class [com.controller.BulkNotificationControllerTest], using SpringBootContextLoader
2023-09-27 10:29:47,661 INFO org.springframework.test.context.support.AbstractContextLoader [main] Could not detect default resource locations for test class [com.controller.BulkNotificationControllerTest]: no resource found for suffixes {-context.xml, Context.groovy}.
2023-09-27 10:29:47,662 INFO org.springframework.test.context.support.AnnotationConfigContextLoaderUtils [main] Could not detect default configuration classes for test class [com.controller.BulkNotificationControllerTest]: BulkNotificationControllerTest does not declare any static, non-private, non-final, nested classes annotated with @Configuration.
2023-09-27 10:31:57,286 INFO org.springframework.test.context.support.AbstractTestContextBootstrapper [main] Neither @ContextConfiguration nor @ContextHierarchy found for test class [com.controller.BulkNotificationControllerTest], using SpringBootContextLoader
2023-09-27 10:31:57,299 INFO org.springframework.test.context.support.AbstractContextLoader [main] Could not detect default resource locations for test class [com.controller.BulkNotificationControllerTest]: no resource found for suffixes {-context.xml, Context.groovy}.
2023-09-27 10:31:57,300 INFO org.springframework.test.context.support.AnnotationConfigContextLoaderUtils [main] Could not detect default configuration classes for test class [com.controller.BulkNotificationControllerTest]: BulkNotificationControllerTest does not declare any static, non-private, non-final, nested classes annotated with @Configuration.
2023-09-27 10:33:49,898 INFO org.springframework.test.context.support.AbstractTestContextBootstrapper [main] Neither @ContextConfiguration nor @ContextHierarchy found for test class [com.controller.BulkNotificationControllerTest], using SpringBootContextLoader
2023-09-27 10:33:49,912 INFO org.springframework.test.context.support.AbstractContextLoader [main] Could not detect default resource locations for test class [com.controller.BulkNotificationControllerTest]: no resource found for suffixes {-context.xml, Context.groovy}.
2023-09-27 10:33:49,914 INFO org.springframework.test.context.support.AnnotationConfigContextLoaderUtils [main] Could not detect default configuration classes for test class [com.controller.BulkNotificationControllerTest]: BulkNotificationControllerTest does not declare any static, non-private, non-final, nested classes annotated with @Configuration.
2023-09-27 10:43:53,618 INFO com.controller.BulkNotificationController [main] Bulk notification has been send to all users related to sales
2023-09-27 11:46:24,556 INFO org.springframework.boot.admin.SpringApplicationAdminMXBeanRegistrar$SpringApplicationAdmin [RMI TCP Connection(128)-127.0.0.1] Application shutdown requested.
2023-09-27 11:46:24,630 INFO org.apache.juli.logging.DirectJDKLog [RMI TCP Connection(128)-127.0.0.1] Pausing ProtocolHandler ["http-nio-8085"]
2023-09-27 11:46:24,631 INFO org.apache.juli.logging.DirectJDKLog [RMI TCP Connection(128)-127.0.0.1] Stopping service [Tomcat]
2023-09-27 11:46:24,653 INFO org.apache.juli.logging.DirectJDKLog [RMI TCP Connection(128)-127.0.0.1] Stopping ProtocolHandler ["http-nio-8085"]
2023-09-27 11:46:24,657 INFO org.apache.juli.logging.DirectJDKLog [RMI TCP Connection(128)-127.0.0.1] Destroying ProtocolHandler ["http-nio-8085"]
2023-09-27 11:46:29,674 INFO org.springframework.boot.StartupInfoLogger [main] Starting BulknotificationserviceApplication using Java 17.0.7 on LAPTOP-HU6AF26H with PID 45220 (C:\Users\Janhavi Mudaliar\Documents\FinalProject\latestbackend-master\bulknotificationservice\target\classes started by Janhavi Mudaliar in C:\Users\Janhavi Mudaliar\Documents\FinalProject\latestbackend-master\bulknotificationservice)
2023-09-27 11:46:29,678 INFO org.springframework.boot.SpringApplication [main] No active profile set, falling back to 1 default profile: "default"
2023-09-27 11:46:30,541 INFO org.springframework.boot.web.embedded.tomcat.TomcatWebServer [main] Tomcat initialized with port(s): 8085 (http)
2023-09-27 11:46:30,548 INFO org.apache.juli.logging.DirectJDKLog [main] Initializing ProtocolHandler ["http-nio-8085"]
2023-09-27 11:46:30,551 INFO org.apache.juli.logging.DirectJDKLog [main] Starting service [Tomcat]
2023-09-27 11:46:30,551 INFO org.apache.juli.logging.DirectJDKLog [main] Starting Servlet engine: [Apache Tomcat/9.0.79]
2023-09-27 11:46:30,637 INFO org.apache.juli.logging.DirectJDKLog [main] Initializing Spring embedded WebApplicationContext
2023-09-27 11:46:30,638 INFO org.springframework.boot.web.servlet.context.ServletWebServerApplicationContext [main] Root WebApplicationContext: initialization completed in 911 ms
2023-09-27 11:46:31,146 INFO org.apache.juli.logging.DirectJDKLog [main] Starting ProtocolHandler ["http-nio-8085"]
2023-09-27 11:46:31,177 INFO org.springframework.boot.web.embedded.tomcat.TomcatWebServer [main] Tomcat started on port(s): 8085 (http) with context path ''
2023-09-27 11:46:31,186 INFO org.springframework.boot.StartupInfoLogger [main] Started BulknotificationserviceApplication in 1.878 seconds (JVM running for 5.353)
2023-09-27 12:14:30,328 INFO org.apache.juli.logging.DirectJDKLog [http-nio-8085-exec-3] Initializing Spring DispatcherServlet 'dispatcherServlet'
2023-09-27 12:14:30,329 INFO org.springframework.web.servlet.FrameworkServlet [http-nio-8085-exec-3] Initializing Servlet 'dispatcherServlet'
2023-09-27 12:14:30,331 INFO org.springframework.web.servlet.FrameworkServlet [http-nio-8085-exec-3] Completed initialization in 1 ms
2023-09-27 12:14:31,229 INFO org.apache.kafka.common.config.AbstractConfig [http-nio-8085-exec-3] ProducerConfig values: 
	acks = -1
	batch.size = 16384
	bootstrap.servers = [localhost:9092]
	buffer.memory = 33554432
	client.dns.lookup = use_all_dns_ips
	client.id = producer-1
	compression.type = none
	connections.max.idle.ms = 540000
	delivery.timeout.ms = 120000
	enable.idempotence = true
	interceptor.classes = []
	key.serializer = class org.apache.kafka.common.serialization.StringSerializer
	linger.ms = 0
	max.block.ms = 60000
	max.in.flight.requests.per.connection = 5
	max.request.size = 1048576
	metadata.max.age.ms = 300000
	metadata.max.idle.ms = 300000
	metric.reporters = []
	metrics.num.samples = 2
	metrics.recording.level = INFO
	metrics.sample.window.ms = 30000
	partitioner.class = class org.apache.kafka.clients.producer.internals.DefaultPartitioner
	receive.buffer.bytes = 32768
	reconnect.backoff.max.ms = 1000
	reconnect.backoff.ms = 50
	request.timeout.ms = 30000
	retries = 2147483647
	retry.backoff.ms = 100
	sasl.client.callback.handler.class = null
	sasl.jaas.config = null
	sasl.kerberos.kinit.cmd = /usr/bin/kinit
	sasl.kerberos.min.time.before.relogin = 60000
	sasl.kerberos.service.name = null
	sasl.kerberos.ticket.renew.jitter = 0.05
	sasl.kerberos.ticket.renew.window.factor = 0.8
	sasl.login.callback.handler.class = null
	sasl.login.class = null
	sasl.login.connect.timeout.ms = null
	sasl.login.read.timeout.ms = null
	sasl.login.refresh.buffer.seconds = 300
	sasl.login.refresh.min.period.seconds = 60
	sasl.login.refresh.window.factor = 0.8
	sasl.login.refresh.window.jitter = 0.05
	sasl.login.retry.backoff.max.ms = 10000
	sasl.login.retry.backoff.ms = 100
	sasl.mechanism = GSSAPI
	sasl.oauthbearer.clock.skew.seconds = 30
	sasl.oauthbearer.expected.audience = null
	sasl.oauthbearer.expected.issuer = null
	sasl.oauthbearer.jwks.endpoint.refresh.ms = 3600000
	sasl.oauthbearer.jwks.endpoint.retry.backoff.max.ms = 10000
	sasl.oauthbearer.jwks.endpoint.retry.backoff.ms = 100
	sasl.oauthbearer.jwks.endpoint.url = null
	sasl.oauthbearer.scope.claim.name = scope
	sasl.oauthbearer.sub.claim.name = sub
	sasl.oauthbearer.token.endpoint.url = null
	security.protocol = PLAINTEXT
	security.providers = null
	send.buffer.bytes = 131072
	socket.connection.setup.timeout.max.ms = 30000
	socket.connection.setup.timeout.ms = 10000
	ssl.cipher.suites = null
	ssl.enabled.protocols = [TLSv1.2, TLSv1.3]
	ssl.endpoint.identification.algorithm = https
	ssl.engine.factory.class = null
	ssl.key.password = null
	ssl.keymanager.algorithm = SunX509
	ssl.keystore.certificate.chain = null
	ssl.keystore.key = null
	ssl.keystore.location = null
	ssl.keystore.password = null
	ssl.keystore.type = JKS
	ssl.protocol = TLSv1.3
	ssl.provider = null
	ssl.secure.random.implementation = null
	ssl.trustmanager.algorithm = PKIX
	ssl.truststore.certificates = null
	ssl.truststore.location = null
	ssl.truststore.password = null
	ssl.truststore.type = JKS
	transaction.timeout.ms = 60000
	transactional.id = null
	value.serializer = class org.springframework.kafka.support.serializer.JsonSerializer

2023-09-27 12:14:31,301 INFO org.apache.kafka.clients.producer.KafkaProducer [http-nio-8085-exec-3] [Producer clientId=producer-1] Instantiated an idempotent producer.
2023-09-27 12:14:31,450 INFO org.apache.kafka.common.utils.AppInfoParser$AppInfo [http-nio-8085-exec-3] Kafka version: 3.1.2
2023-09-27 12:14:31,454 INFO org.apache.kafka.common.utils.AppInfoParser$AppInfo [http-nio-8085-exec-3] Kafka commitId: f8c67dc3ae0a3265
2023-09-27 12:14:31,454 INFO org.apache.kafka.common.utils.AppInfoParser$AppInfo [http-nio-8085-exec-3] Kafka startTimeMs: 1695797071446
2023-09-27 12:14:32,648 INFO org.apache.kafka.clients.Metadata [kafka-producer-network-thread | producer-1] [Producer clientId=producer-1] Resetting the last seen epoch of partition bulk_notification-0 to 0 since the associated topicId changed from null to GTkIR2QaQLG4ovKtC6UZUA
2023-09-27 12:14:32,654 INFO org.apache.kafka.clients.Metadata [kafka-producer-network-thread | producer-1] [Producer clientId=producer-1] Cluster ID: tgxzKXmtQle4W3JQ56y86A
2023-09-27 12:14:32,659 INFO org.apache.kafka.clients.producer.internals.TransactionManager [kafka-producer-network-thread | producer-1] [Producer clientId=producer-1] ProducerId set to 25003 with epoch 0
2023-09-27 12:14:32,773 INFO com.controller.BulkNotificationController [http-nio-8085-exec-3] Bulk notification has been send to all users related to sales
2023-09-27 12:23:32,718 INFO org.apache.kafka.clients.NetworkClient [kafka-producer-network-thread | producer-1] [Producer clientId=producer-1] Node -1 disconnected.
2023-09-27 14:46:55,700 INFO org.springframework.boot.admin.SpringApplicationAdminMXBeanRegistrar$SpringApplicationAdmin [RMI TCP Connection(188)-127.0.0.1] Application shutdown requested.
2023-09-27 14:46:55,849 INFO org.apache.juli.logging.DirectJDKLog [RMI TCP Connection(188)-127.0.0.1] Pausing ProtocolHandler ["http-nio-8085"]
2023-09-27 14:46:55,851 INFO org.apache.juli.logging.DirectJDKLog [RMI TCP Connection(188)-127.0.0.1] Stopping service [Tomcat]
2023-09-27 14:46:55,861 INFO org.apache.juli.logging.DirectJDKLog [RMI TCP Connection(188)-127.0.0.1] Destroying Spring FrameworkServlet 'dispatcherServlet'
2023-09-27 14:46:55,900 WARN org.apache.juli.logging.DirectJDKLog [RMI TCP Connection(188)-127.0.0.1] The web application [ROOT] appears to have started a thread named [kafka-producer-network-thread | producer-1] but has failed to stop it. This is very likely to create a memory leak. Stack trace of thread:
 java.base@17.0.7/sun.nio.ch.WEPoll.wait(Native Method)
 java.base@17.0.7/sun.nio.ch.WEPollSelectorImpl.doSelect(WEPollSelectorImpl.java:111)
 java.base@17.0.7/sun.nio.ch.SelectorImpl.lockAndDoSelect(SelectorImpl.java:129)
 java.base@17.0.7/sun.nio.ch.SelectorImpl.select(SelectorImpl.java:141)
 app//org.apache.kafka.common.network.Selector.select(Selector.java:873)
 app//org.apache.kafka.common.network.Selector.poll(Selector.java:465)
 app//org.apache.kafka.clients.NetworkClient.poll(NetworkClient.java:560)
 app//org.apache.kafka.clients.producer.internals.Sender.runOnce(Sender.java:328)
 app//org.apache.kafka.clients.producer.internals.Sender.run(Sender.java:243)
 java.base@17.0.7/java.lang.Thread.run(Thread.java:833)
2023-09-27 14:46:55,907 INFO org.apache.juli.logging.DirectJDKLog [RMI TCP Connection(188)-127.0.0.1] Stopping ProtocolHandler ["http-nio-8085"]
2023-09-27 14:46:55,912 INFO org.apache.juli.logging.DirectJDKLog [RMI TCP Connection(188)-127.0.0.1] Destroying ProtocolHandler ["http-nio-8085"]
2023-09-27 14:46:55,924 INFO org.apache.kafka.clients.producer.KafkaProducer [RMI TCP Connection(188)-127.0.0.1] [Producer clientId=producer-1] Closing the Kafka producer with timeoutMillis = 30000 ms.
2023-09-27 14:46:55,938 INFO org.apache.kafka.common.metrics.Metrics [RMI TCP Connection(188)-127.0.0.1] Metrics scheduler closed
2023-09-27 14:46:55,938 INFO org.apache.kafka.common.metrics.Metrics [RMI TCP Connection(188)-127.0.0.1] Closing reporter org.apache.kafka.common.metrics.JmxReporter
2023-09-27 14:46:55,939 INFO org.apache.kafka.common.metrics.Metrics [RMI TCP Connection(188)-127.0.0.1] Metrics reporters closed
2023-09-27 14:46:55,939 INFO org.apache.kafka.common.utils.AppInfoParser [RMI TCP Connection(188)-127.0.0.1] App info kafka.producer for producer-1 unregistered
2023-09-27 14:47:01,237 INFO org.springframework.boot.StartupInfoLogger [main] Starting BulknotificationserviceApplication using Java 17.0.7 on LAPTOP-HU6AF26H with PID 34888 (C:\Users\Janhavi Mudaliar\Documents\FinalProject\latestbackend-master\bulknotificationservice\target\classes started by Janhavi Mudaliar in C:\Users\Janhavi Mudaliar\Documents\FinalProject\latestbackend-master\bulknotificationservice)
2023-09-27 14:47:01,241 INFO org.springframework.boot.SpringApplication [main] No active profile set, falling back to 1 default profile: "default"
2023-09-27 14:47:02,091 INFO org.springframework.boot.web.embedded.tomcat.TomcatWebServer [main] Tomcat initialized with port(s): 8085 (http)
2023-09-27 14:47:02,098 INFO org.apache.juli.logging.DirectJDKLog [main] Initializing ProtocolHandler ["http-nio-8085"]
2023-09-27 14:47:02,101 INFO org.apache.juli.logging.DirectJDKLog [main] Starting service [Tomcat]
2023-09-27 14:47:02,102 INFO org.apache.juli.logging.DirectJDKLog [main] Starting Servlet engine: [Apache Tomcat/9.0.79]
2023-09-27 14:47:02,193 INFO org.apache.juli.logging.DirectJDKLog [main] Initializing Spring embedded WebApplicationContext
2023-09-27 14:47:02,193 INFO org.springframework.boot.web.servlet.context.ServletWebServerApplicationContext [main] Root WebApplicationContext: initialization completed in 896 ms
2023-09-27 14:47:02,612 INFO org.apache.juli.logging.DirectJDKLog [main] Starting ProtocolHandler ["http-nio-8085"]
2023-09-27 14:47:02,636 INFO org.springframework.boot.web.embedded.tomcat.TomcatWebServer [main] Tomcat started on port(s): 8085 (http) with context path ''
2023-09-27 14:47:02,644 INFO org.springframework.boot.StartupInfoLogger [main] Started BulknotificationserviceApplication in 1.768 seconds (JVM running for 5.292)
2023-09-27 14:48:39,585 INFO org.apache.juli.logging.DirectJDKLog [http-nio-8085-exec-1] Initializing Spring DispatcherServlet 'dispatcherServlet'
2023-09-27 14:48:39,586 INFO org.springframework.web.servlet.FrameworkServlet [http-nio-8085-exec-1] Initializing Servlet 'dispatcherServlet'
2023-09-27 14:48:39,586 INFO org.springframework.web.servlet.FrameworkServlet [http-nio-8085-exec-1] Completed initialization in 0 ms
2023-09-27 14:48:40,061 INFO org.apache.kafka.common.config.AbstractConfig [http-nio-8085-exec-1] ProducerConfig values: 
	acks = -1
	batch.size = 16384
	bootstrap.servers = [localhost:9092]
	buffer.memory = 33554432
	client.dns.lookup = use_all_dns_ips
	client.id = producer-1
	compression.type = none
	connections.max.idle.ms = 540000
	delivery.timeout.ms = 120000
	enable.idempotence = true
	interceptor.classes = []
	key.serializer = class org.apache.kafka.common.serialization.StringSerializer
	linger.ms = 0
	max.block.ms = 60000
	max.in.flight.requests.per.connection = 5
	max.request.size = 1048576
	metadata.max.age.ms = 300000
	metadata.max.idle.ms = 300000
	metric.reporters = []
	metrics.num.samples = 2
	metrics.recording.level = INFO
	metrics.sample.window.ms = 30000
	partitioner.class = class org.apache.kafka.clients.producer.internals.DefaultPartitioner
	receive.buffer.bytes = 32768
	reconnect.backoff.max.ms = 1000
	reconnect.backoff.ms = 50
	request.timeout.ms = 30000
	retries = 2147483647
	retry.backoff.ms = 100
	sasl.client.callback.handler.class = null
	sasl.jaas.config = null
	sasl.kerberos.kinit.cmd = /usr/bin/kinit
	sasl.kerberos.min.time.before.relogin = 60000
	sasl.kerberos.service.name = null
	sasl.kerberos.ticket.renew.jitter = 0.05
	sasl.kerberos.ticket.renew.window.factor = 0.8
	sasl.login.callback.handler.class = null
	sasl.login.class = null
	sasl.login.connect.timeout.ms = null
	sasl.login.read.timeout.ms = null
	sasl.login.refresh.buffer.seconds = 300
	sasl.login.refresh.min.period.seconds = 60
	sasl.login.refresh.window.factor = 0.8
	sasl.login.refresh.window.jitter = 0.05
	sasl.login.retry.backoff.max.ms = 10000
	sasl.login.retry.backoff.ms = 100
	sasl.mechanism = GSSAPI
	sasl.oauthbearer.clock.skew.seconds = 30
	sasl.oauthbearer.expected.audience = null
	sasl.oauthbearer.expected.issuer = null
	sasl.oauthbearer.jwks.endpoint.refresh.ms = 3600000
	sasl.oauthbearer.jwks.endpoint.retry.backoff.max.ms = 10000
	sasl.oauthbearer.jwks.endpoint.retry.backoff.ms = 100
	sasl.oauthbearer.jwks.endpoint.url = null
	sasl.oauthbearer.scope.claim.name = scope
	sasl.oauthbearer.sub.claim.name = sub
	sasl.oauthbearer.token.endpoint.url = null
	security.protocol = PLAINTEXT
	security.providers = null
	send.buffer.bytes = 131072
	socket.connection.setup.timeout.max.ms = 30000
	socket.connection.setup.timeout.ms = 10000
	ssl.cipher.suites = null
	ssl.enabled.protocols = [TLSv1.2, TLSv1.3]
	ssl.endpoint.identification.algorithm = https
	ssl.engine.factory.class = null
	ssl.key.password = null
	ssl.keymanager.algorithm = SunX509
	ssl.keystore.certificate.chain = null
	ssl.keystore.key = null
	ssl.keystore.location = null
	ssl.keystore.password = null
	ssl.keystore.type = JKS
	ssl.protocol = TLSv1.3
	ssl.provider = null
	ssl.secure.random.implementation = null
	ssl.trustmanager.algorithm = PKIX
	ssl.truststore.certificates = null
	ssl.truststore.location = null
	ssl.truststore.password = null
	ssl.truststore.type = JKS
	transaction.timeout.ms = 60000
	transactional.id = null
	value.serializer = class org.springframework.kafka.support.serializer.JsonSerializer

2023-09-27 14:48:40,098 INFO org.apache.kafka.clients.producer.KafkaProducer [http-nio-8085-exec-1] [Producer clientId=producer-1] Instantiated an idempotent producer.
2023-09-27 14:48:40,147 INFO org.apache.kafka.common.utils.AppInfoParser$AppInfo [http-nio-8085-exec-1] Kafka version: 3.1.2
2023-09-27 14:48:40,148 INFO org.apache.kafka.common.utils.AppInfoParser$AppInfo [http-nio-8085-exec-1] Kafka commitId: f8c67dc3ae0a3265
2023-09-27 14:48:40,148 INFO org.apache.kafka.common.utils.AppInfoParser$AppInfo [http-nio-8085-exec-1] Kafka startTimeMs: 1695806320145
2023-09-27 14:48:40,481 INFO org.apache.kafka.clients.Metadata [kafka-producer-network-thread | producer-1] [Producer clientId=producer-1] Resetting the last seen epoch of partition bulk_notification-0 to 0 since the associated topicId changed from null to GTkIR2QaQLG4ovKtC6UZUA
2023-09-27 14:48:40,485 INFO org.apache.kafka.clients.Metadata [kafka-producer-network-thread | producer-1] [Producer clientId=producer-1] Cluster ID: tgxzKXmtQle4W3JQ56y86A
2023-09-27 14:48:40,486 INFO org.apache.kafka.clients.producer.internals.TransactionManager [kafka-producer-network-thread | producer-1] [Producer clientId=producer-1] ProducerId set to 25005 with epoch 0
2023-09-27 14:48:40,512 INFO com.controller.BulkNotificationController [http-nio-8085-exec-1] Bulk notification has been send to all users related to sales
2023-09-27 14:57:40,838 INFO org.apache.kafka.clients.NetworkClient [kafka-producer-network-thread | producer-1] [Producer clientId=producer-1] Node -1 disconnected.
2023-09-27 16:39:07,190 INFO org.springframework.boot.admin.SpringApplicationAdminMXBeanRegistrar$SpringApplicationAdmin [RMI TCP Connection(121)-127.0.0.1] Application shutdown requested.
2023-09-27 16:39:07,338 INFO org.apache.juli.logging.DirectJDKLog [RMI TCP Connection(121)-127.0.0.1] Pausing ProtocolHandler ["http-nio-8085"]
2023-09-27 16:39:07,339 INFO org.apache.juli.logging.DirectJDKLog [RMI TCP Connection(121)-127.0.0.1] Stopping service [Tomcat]
2023-09-27 16:39:07,350 INFO org.apache.juli.logging.DirectJDKLog [RMI TCP Connection(121)-127.0.0.1] Destroying Spring FrameworkServlet 'dispatcherServlet'
2023-09-27 16:39:07,384 WARN org.apache.juli.logging.DirectJDKLog [RMI TCP Connection(121)-127.0.0.1] The web application [ROOT] appears to have started a thread named [kafka-producer-network-thread | producer-1] but has failed to stop it. This is very likely to create a memory leak. Stack trace of thread:
 java.base@17.0.7/sun.nio.ch.WEPoll.wait(Native Method)
 java.base@17.0.7/sun.nio.ch.WEPollSelectorImpl.doSelect(WEPollSelectorImpl.java:111)
 java.base@17.0.7/sun.nio.ch.SelectorImpl.lockAndDoSelect(SelectorImpl.java:129)
 java.base@17.0.7/sun.nio.ch.SelectorImpl.select(SelectorImpl.java:141)
 app//org.apache.kafka.common.network.Selector.select(Selector.java:873)
 app//org.apache.kafka.common.network.Selector.poll(Selector.java:465)
 app//org.apache.kafka.clients.NetworkClient.poll(NetworkClient.java:560)
 app//org.apache.kafka.clients.producer.internals.Sender.runOnce(Sender.java:328)
 app//org.apache.kafka.clients.producer.internals.Sender.run(Sender.java:243)
 java.base@17.0.7/java.lang.Thread.run(Thread.java:833)
2023-09-27 16:39:07,390 INFO org.apache.juli.logging.DirectJDKLog [RMI TCP Connection(121)-127.0.0.1] Stopping ProtocolHandler ["http-nio-8085"]
2023-09-27 16:39:07,396 INFO org.apache.juli.logging.DirectJDKLog [RMI TCP Connection(121)-127.0.0.1] Destroying ProtocolHandler ["http-nio-8085"]
2023-09-27 16:39:07,407 INFO org.apache.kafka.clients.producer.KafkaProducer [RMI TCP Connection(121)-127.0.0.1] [Producer clientId=producer-1] Closing the Kafka producer with timeoutMillis = 30000 ms.
2023-09-27 16:39:07,419 INFO org.apache.kafka.common.metrics.Metrics [RMI TCP Connection(121)-127.0.0.1] Metrics scheduler closed
2023-09-27 16:39:07,420 INFO org.apache.kafka.common.metrics.Metrics [RMI TCP Connection(121)-127.0.0.1] Closing reporter org.apache.kafka.common.metrics.JmxReporter
2023-09-27 16:39:07,421 INFO org.apache.kafka.common.metrics.Metrics [RMI TCP Connection(121)-127.0.0.1] Metrics reporters closed
2023-09-27 16:39:07,422 INFO org.apache.kafka.common.utils.AppInfoParser [RMI TCP Connection(121)-127.0.0.1] App info kafka.producer for producer-1 unregistered
