2023-09-25 11:23:12,655 INFO org.springframework.boot.StartupInfoLogger [main] Starting BulknotificationserviceApplication using Java 17.0.7 on LAPTOP-HU6AF26H with PID 34404 (C:\Users\Janhavi Mudaliar\Documents\FinalProject\latestbackend-master\bulknotificationservice\target\classes started by Janhavi Mudaliar in C:\Users\Janhavi Mudaliar\Documents\FinalProject\latestbackend-master\bulknotificationservice)
2023-09-25 11:23:12,659 INFO org.springframework.boot.SpringApplication [main] No active profile set, falling back to 1 default profile: "default"
2023-09-25 11:23:13,584 INFO org.springframework.boot.web.embedded.tomcat.TomcatWebServer [main] Tomcat initialized with port(s): 8085 (http)
2023-09-25 11:23:13,593 INFO org.apache.juli.logging.DirectJDKLog [main] Initializing ProtocolHandler ["http-nio-8085"]
2023-09-25 11:23:13,596 INFO org.apache.juli.logging.DirectJDKLog [main] Starting service [Tomcat]
2023-09-25 11:23:13,597 INFO org.apache.juli.logging.DirectJDKLog [main] Starting Servlet engine: [Apache Tomcat/9.0.79]
2023-09-25 11:23:13,695 INFO org.apache.juli.logging.DirectJDKLog [main] Initializing Spring embedded WebApplicationContext
2023-09-25 11:23:13,695 INFO org.springframework.boot.web.servlet.context.ServletWebServerApplicationContext [main] Root WebApplicationContext: initialization completed in 973 ms
2023-09-25 11:23:14,112 INFO org.apache.juli.logging.DirectJDKLog [main] Starting ProtocolHandler ["http-nio-8085"]
2023-09-25 11:23:14,139 INFO org.springframework.boot.web.embedded.tomcat.TomcatWebServer [main] Tomcat started on port(s): 8085 (http) with context path ''
2023-09-25 11:23:14,147 INFO org.springframework.boot.StartupInfoLogger [main] Started BulknotificationserviceApplication in 1.864 seconds (JVM running for 5.327)
2023-09-25 11:33:28,534 INFO org.apache.juli.logging.DirectJDKLog [http-nio-8085-exec-1] Initializing Spring DispatcherServlet 'dispatcherServlet'
2023-09-25 11:33:28,534 INFO org.springframework.web.servlet.FrameworkServlet [http-nio-8085-exec-1] Initializing Servlet 'dispatcherServlet'
2023-09-25 11:33:28,535 INFO org.springframework.web.servlet.FrameworkServlet [http-nio-8085-exec-1] Completed initialization in 1 ms
2023-09-25 11:33:28,984 INFO org.apache.kafka.common.config.AbstractConfig [http-nio-8085-exec-1] ProducerConfig values: 
	acks = -1
	batch.size = 16384
	bootstrap.servers = [localhost:9092]
	buffer.memory = 33554432
	client.dns.lookup = use_all_dns_ips
	client.id = producer-1
	compression.type = none
	connections.max.idle.ms = 540000
	delivery.timeout.ms = 120000
	enable.idempotence = true
	interceptor.classes = []
	key.serializer = class org.apache.kafka.common.serialization.StringSerializer
	linger.ms = 0
	max.block.ms = 60000
	max.in.flight.requests.per.connection = 5
	max.request.size = 1048576
	metadata.max.age.ms = 300000
	metadata.max.idle.ms = 300000
	metric.reporters = []
	metrics.num.samples = 2
	metrics.recording.level = INFO
	metrics.sample.window.ms = 30000
	partitioner.class = class org.apache.kafka.clients.producer.internals.DefaultPartitioner
	receive.buffer.bytes = 32768
	reconnect.backoff.max.ms = 1000
	reconnect.backoff.ms = 50
	request.timeout.ms = 30000
	retries = 2147483647
	retry.backoff.ms = 100
	sasl.client.callback.handler.class = null
	sasl.jaas.config = null
	sasl.kerberos.kinit.cmd = /usr/bin/kinit
	sasl.kerberos.min.time.before.relogin = 60000
	sasl.kerberos.service.name = null
	sasl.kerberos.ticket.renew.jitter = 0.05
	sasl.kerberos.ticket.renew.window.factor = 0.8
	sasl.login.callback.handler.class = null
	sasl.login.class = null
	sasl.login.connect.timeout.ms = null
	sasl.login.read.timeout.ms = null
	sasl.login.refresh.buffer.seconds = 300
	sasl.login.refresh.min.period.seconds = 60
	sasl.login.refresh.window.factor = 0.8
	sasl.login.refresh.window.jitter = 0.05
	sasl.login.retry.backoff.max.ms = 10000
	sasl.login.retry.backoff.ms = 100
	sasl.mechanism = GSSAPI
	sasl.oauthbearer.clock.skew.seconds = 30
	sasl.oauthbearer.expected.audience = null
	sasl.oauthbearer.expected.issuer = null
	sasl.oauthbearer.jwks.endpoint.refresh.ms = 3600000
	sasl.oauthbearer.jwks.endpoint.retry.backoff.max.ms = 10000
	sasl.oauthbearer.jwks.endpoint.retry.backoff.ms = 100
	sasl.oauthbearer.jwks.endpoint.url = null
	sasl.oauthbearer.scope.claim.name = scope
	sasl.oauthbearer.sub.claim.name = sub
	sasl.oauthbearer.token.endpoint.url = null
	security.protocol = PLAINTEXT
	security.providers = null
	send.buffer.bytes = 131072
	socket.connection.setup.timeout.max.ms = 30000
	socket.connection.setup.timeout.ms = 10000
	ssl.cipher.suites = null
	ssl.enabled.protocols = [TLSv1.2, TLSv1.3]
	ssl.endpoint.identification.algorithm = https
	ssl.engine.factory.class = null
	ssl.key.password = null
	ssl.keymanager.algorithm = SunX509
	ssl.keystore.certificate.chain = null
	ssl.keystore.key = null
	ssl.keystore.location = null
	ssl.keystore.password = null
	ssl.keystore.type = JKS
	ssl.protocol = TLSv1.3
	ssl.provider = null
	ssl.secure.random.implementation = null
	ssl.trustmanager.algorithm = PKIX
	ssl.truststore.certificates = null
	ssl.truststore.location = null
	ssl.truststore.password = null
	ssl.truststore.type = JKS
	transaction.timeout.ms = 60000
	transactional.id = null
	value.serializer = class org.springframework.kafka.support.serializer.JsonSerializer

2023-09-25 11:33:29,019 INFO org.apache.kafka.clients.producer.KafkaProducer [http-nio-8085-exec-1] [Producer clientId=producer-1] Instantiated an idempotent producer.
2023-09-25 11:33:29,062 INFO org.apache.kafka.common.utils.AppInfoParser$AppInfo [http-nio-8085-exec-1] Kafka version: 3.1.2
2023-09-25 11:33:29,064 INFO org.apache.kafka.common.utils.AppInfoParser$AppInfo [http-nio-8085-exec-1] Kafka commitId: f8c67dc3ae0a3265
2023-09-25 11:33:29,065 INFO org.apache.kafka.common.utils.AppInfoParser$AppInfo [http-nio-8085-exec-1] Kafka startTimeMs: 1695621809061
2023-09-25 11:33:29,391 INFO org.apache.kafka.clients.Metadata [kafka-producer-network-thread | producer-1] [Producer clientId=producer-1] Resetting the last seen epoch of partition bulk_notification-0 to 0 since the associated topicId changed from null to GTkIR2QaQLG4ovKtC6UZUA
2023-09-25 11:33:29,394 INFO org.apache.kafka.clients.Metadata [kafka-producer-network-thread | producer-1] [Producer clientId=producer-1] Cluster ID: tgxzKXmtQle4W3JQ56y86A
2023-09-25 11:33:29,395 INFO org.apache.kafka.clients.producer.internals.TransactionManager [kafka-producer-network-thread | producer-1] [Producer clientId=producer-1] ProducerId set to 23002 with epoch 0
2023-09-25 11:33:29,427 INFO com.controller.BulkNotificationController [http-nio-8085-exec-1] Bulk notification has been send to all users related to sales
2023-09-25 11:42:29,454 INFO org.apache.kafka.clients.NetworkClient [kafka-producer-network-thread | producer-1] [Producer clientId=producer-1] Node -1 disconnected.
2023-09-25 15:44:23,525 INFO org.apache.kafka.clients.Metadata [kafka-producer-network-thread | producer-1] [Producer clientId=producer-1] Resetting the last seen epoch of partition bulk_notification-0 to 0 since the associated topicId changed from null to GTkIR2QaQLG4ovKtC6UZUA
2023-09-25 15:44:23,699 INFO com.controller.BulkNotificationController [http-nio-8085-exec-3] Bulk notification has been send to all users related to sales
2023-09-25 18:05:25,548 INFO org.apache.kafka.clients.NetworkClient [kafka-producer-network-thread | producer-1] [Producer clientId=producer-1] Node 0 disconnected.
2023-09-25 18:05:27,692 INFO org.apache.kafka.clients.NetworkClient [kafka-producer-network-thread | producer-1] [Producer clientId=producer-1] Node 0 disconnected.
2023-09-25 18:05:27,692 WARN org.apache.kafka.clients.NetworkClient [kafka-producer-network-thread | producer-1] [Producer clientId=producer-1] Connection to node 0 (LAPTOP-HU6AF26H/192.168.1.8:9092) could not be established. Broker may not be available.
2023-09-25 18:05:29,843 INFO org.apache.kafka.clients.NetworkClient [kafka-producer-network-thread | producer-1] [Producer clientId=producer-1] Node 0 disconnected.
2023-09-25 18:05:29,844 WARN org.apache.kafka.clients.NetworkClient [kafka-producer-network-thread | producer-1] [Producer clientId=producer-1] Connection to node 0 (LAPTOP-HU6AF26H/192.168.1.8:9092) could not be established. Broker may not be available.
2023-09-25 18:05:32,090 INFO org.apache.kafka.clients.NetworkClient [kafka-producer-network-thread | producer-1] [Producer clientId=producer-1] Node 0 disconnected.
2023-09-25 18:05:32,091 WARN org.apache.kafka.clients.NetworkClient [kafka-producer-network-thread | producer-1] [Producer clientId=producer-1] Connection to node 0 (LAPTOP-HU6AF26H/192.168.1.8:9092) could not be established. Broker may not be available.
2023-09-25 18:05:34,527 INFO org.apache.kafka.clients.NetworkClient [kafka-producer-network-thread | producer-1] [Producer clientId=producer-1] Node 0 disconnected.
2023-09-25 18:05:34,527 WARN org.apache.kafka.clients.NetworkClient [kafka-producer-network-thread | producer-1] [Producer clientId=producer-1] Connection to node 0 (LAPTOP-HU6AF26H/192.168.1.8:9092) could not be established. Broker may not be available.
2023-09-25 18:05:37,325 INFO org.apache.kafka.clients.NetworkClient [kafka-producer-network-thread | producer-1] [Producer clientId=producer-1] Node 0 disconnected.
2023-09-25 18:05:37,326 WARN org.apache.kafka.clients.NetworkClient [kafka-producer-network-thread | producer-1] [Producer clientId=producer-1] Connection to node 0 (LAPTOP-HU6AF26H/192.168.1.8:9092) could not be established. Broker may not be available.
2023-09-25 18:05:40,343 INFO org.apache.kafka.clients.NetworkClient [kafka-producer-network-thread | producer-1] [Producer clientId=producer-1] Node 0 disconnected.
2023-09-25 18:05:40,344 WARN org.apache.kafka.clients.NetworkClient [kafka-producer-network-thread | producer-1] [Producer clientId=producer-1] Connection to node 0 (LAPTOP-HU6AF26H/192.168.1.8:9092) could not be established. Broker may not be available.
2023-09-25 18:05:43,380 INFO org.apache.kafka.clients.NetworkClient [kafka-producer-network-thread | producer-1] [Producer clientId=producer-1] Node 0 disconnected.
2023-09-25 18:05:43,381 WARN org.apache.kafka.clients.NetworkClient [kafka-producer-network-thread | producer-1] [Producer clientId=producer-1] Connection to node 0 (LAPTOP-HU6AF26H/192.168.1.8:9092) could not be established. Broker may not be available.
2023-09-25 18:05:44,035 INFO org.springframework.boot.admin.SpringApplicationAdminMXBeanRegistrar$SpringApplicationAdmin [RMI TCP Connection(412)-127.0.0.1] Application shutdown requested.
2023-09-25 18:05:44,104 INFO org.apache.juli.logging.DirectJDKLog [RMI TCP Connection(412)-127.0.0.1] Pausing ProtocolHandler ["http-nio-8085"]
2023-09-25 18:05:44,105 INFO org.apache.juli.logging.DirectJDKLog [RMI TCP Connection(412)-127.0.0.1] Stopping service [Tomcat]
2023-09-25 18:05:44,112 INFO org.apache.juli.logging.DirectJDKLog [RMI TCP Connection(412)-127.0.0.1] Destroying Spring FrameworkServlet 'dispatcherServlet'
2023-09-25 18:05:44,138 WARN org.apache.juli.logging.DirectJDKLog [RMI TCP Connection(412)-127.0.0.1] The web application [ROOT] appears to have started a thread named [kafka-producer-network-thread | producer-1] but has failed to stop it. This is very likely to create a memory leak. Stack trace of thread:
 java.base@17.0.7/sun.nio.ch.WEPoll.wait(Native Method)
 java.base@17.0.7/sun.nio.ch.WEPollSelectorImpl.doSelect(WEPollSelectorImpl.java:111)
 java.base@17.0.7/sun.nio.ch.SelectorImpl.lockAndDoSelect(SelectorImpl.java:129)
 java.base@17.0.7/sun.nio.ch.SelectorImpl.select(SelectorImpl.java:141)
 app//org.apache.kafka.common.network.Selector.select(Selector.java:873)
 app//org.apache.kafka.common.network.Selector.poll(Selector.java:465)
 app//org.apache.kafka.clients.NetworkClient.poll(NetworkClient.java:560)
 app//org.apache.kafka.clients.producer.internals.Sender.runOnce(Sender.java:328)
 app//org.apache.kafka.clients.producer.internals.Sender.run(Sender.java:243)
 java.base@17.0.7/java.lang.Thread.run(Thread.java:833)
2023-09-25 18:05:44,142 INFO org.apache.juli.logging.DirectJDKLog [RMI TCP Connection(412)-127.0.0.1] Stopping ProtocolHandler ["http-nio-8085"]
2023-09-25 18:05:44,147 INFO org.apache.juli.logging.DirectJDKLog [RMI TCP Connection(412)-127.0.0.1] Destroying ProtocolHandler ["http-nio-8085"]
2023-09-25 18:05:44,155 INFO org.apache.kafka.clients.producer.KafkaProducer [RMI TCP Connection(412)-127.0.0.1] [Producer clientId=producer-1] Closing the Kafka producer with timeoutMillis = 30000 ms.
2023-09-25 18:05:44,163 INFO org.apache.kafka.common.metrics.Metrics [RMI TCP Connection(412)-127.0.0.1] Metrics scheduler closed
2023-09-25 18:05:44,164 INFO org.apache.kafka.common.metrics.Metrics [RMI TCP Connection(412)-127.0.0.1] Closing reporter org.apache.kafka.common.metrics.JmxReporter
2023-09-25 18:05:44,164 INFO org.apache.kafka.common.metrics.Metrics [RMI TCP Connection(412)-127.0.0.1] Metrics reporters closed
2023-09-25 18:05:44,165 INFO org.apache.kafka.common.utils.AppInfoParser [RMI TCP Connection(412)-127.0.0.1] App info kafka.producer for producer-1 unregistered
